<?xml version="1.0" encoding="UTF-8"?>
<testsuite name="TestSuite" time="0.019" tests="4" errors="0" skipped="2" failures="2">
  <properties>
[...]
</properties>
  <testcase name="feature" classname="runner.TestRunner" time="0.009">
    <failure message="java.lang.NoClassDefFoundError: com/aventstack/extentreports/reporter/ExtentHtmlReporter" type="cucumber.runtime.CucumberException"><![CDATA[cucumber.runtime.CucumberException: java.lang.NoClassDefFoundError: com/aventstack/extentreports/reporter/ExtentHtmlReporter
	at java.net.URLClassLoader.findClass(Unknown Source)
	at java.lang.ClassLoader.loadClass(Unknown Source)
	at sun.misc.Launcher$AppClassLoader.loadClass(Unknown Source)
	at java.lang.ClassLoader.loadClass(Unknown Source)
	at com.cucumber.listener.ExtentCucumberFormatter.setExtentHtmlReport(ExtentCucumberFormatter.java:51)
	at com.cucumber.listener.ExtentCucumberFormatter.<init>(ExtentCucumberFormatter.java:35)
	at sun.reflect.NativeConstructorAccessorImpl.newInstance0(Native Method)
	at sun.reflect.NativeConstructorAccessorImpl.newInstance(Unknown Source)
	at sun.reflect.DelegatingConstructorAccessorImpl.newInstance(Unknown Source)
	at java.lang.reflect.Constructor.newInstance(Unknown Source)
	at cucumber.runtime.formatter.PluginFactory.instantiate(PluginFactory.java:107)
	at cucumber.runtime.formatter.PluginFactory.create(PluginFactory.java:87)
	at cucumber.runtime.RuntimeOptions.getPlugins(RuntimeOptions.java:245)
	at cucumber.runtime.RuntimeOptions$1.invoke(RuntimeOptions.java:291)
	at com.sun.proxy.$Proxy22.uri(Unknown Source)
	at cucumber.runtime.model.CucumberFeature.run(CucumberFeature.java:160)
	at cucumber.api.testng.TestNGCucumberRunner.runCucumber(TestNGCucumberRunner.java:63)
	at runner.TestRunner.feature(TestRunner.java:63)
]]></failure>
    <system-out>Verify Navigation Bar
</system-out>
  </testcase>
  <testcase name="tearDownClass" classname="runner.TestRunner" time="0.01">
    <failure message="java.lang.NoClassDefFoundError: com/aventstack/extentreports/reporter/ExtentHtmlReporter" type="cucumber.runtime.CucumberException"><![CDATA[cucumber.runtime.CucumberException: java.lang.NoClassDefFoundError: com/aventstack/extentreports/reporter/ExtentHtmlReporter
	at com.cucumber.listener.ExtentCucumberFormatter.setExtentHtmlReport(ExtentCucumberFormatter.java:51)
	at com.cucumber.listener.ExtentCucumberFormatter.<init>(ExtentCucumberFormatter.java:35)
	at sun.reflect.NativeConstructorAccessorImpl.newInstance0(Native Method)
	at sun.reflect.NativeConstructorAccessorImpl.newInstance(Unknown Source)
	at sun.reflect.DelegatingConstructorAccessorImpl.newInstance(Unknown Source)
	at java.lang.reflect.Constructor.newInstance(Unknown Source)
	at cucumber.runtime.formatter.PluginFactory.instantiate(PluginFactory.java:107)
	at cucumber.runtime.formatter.PluginFactory.create(PluginFactory.java:87)
	at cucumber.runtime.RuntimeOptions.getPlugins(RuntimeOptions.java:245)
	at cucumber.runtime.RuntimeOptions$1.invoke(RuntimeOptions.java:291)
	at com.sun.proxy.$Proxy22.done(Unknown Source)
	at cucumber.api.testng.TestNGCucumberRunner.finish(TestNGCucumberRunner.java:76)
	at runner.TestRunner.tearDownClass(TestRunner.java:75)
]]></failure>
  </testcase>
  <testcase name="CopyResult" classname="runner.TestRunner" time="0">
    <skipped/>
  </testcase>
  <testcase name="afterSuit" classname="runner.TestRunner" time="0">
    <skipped/>
  </testcase>
</testsuite>