<?xml version="1.0" encoding="UTF-8"?>
<testng-results skipped="0" failed="0" ignored="0" total="2" passed="2">
  <reporter-output>
  </reporter-output>
  <suite name="Suite" duration-ms="79351" started-at="2019-05-24T11:42:13Z" finished-at="2019-05-24T11:43:32Z">
    <groups>
      <group name="cucumber">
        <method signature="TestRunner.feature(cucumber.api.testng.CucumberFeatureWrapper)[pri:0, instance:com.project.selenium.runner.TestRunner@369f73a2]" name="feature" class="com.project.selenium.runner.TestRunner"/>
      </group> <!-- cucumber -->
    </groups>
    <test name="Test" duration-ms="79351" started-at="2019-05-24T11:42:13Z" finished-at="2019-05-24T11:43:32Z">
      <class name="com.project.selenium.runner.TestRunner">
        <test-method status="PASS" signature="setUp()[pri:0, instance:com.project.selenium.runner.TestRunner@369f73a2]" name="setUp" is-config="true" duration-ms="7" started-at="2019-05-24T11:42:13Z" finished-at="2019-05-24T11:42:13Z">
          <reporter-output>
          </reporter-output>
        </test-method> <!-- setUp -->
        <test-method status="PASS" signature="HtmlFile()[pri:0, instance:com.project.selenium.runner.TestRunner@369f73a2]" name="HtmlFile" is-config="true" duration-ms="34" started-at="2019-05-24T11:42:13Z" finished-at="2019-05-24T11:42:13Z">
          <reporter-output>
          </reporter-output>
        </test-method> <!-- HtmlFile -->
        <test-method status="PASS" signature="setUpClass()[pri:0, instance:com.project.selenium.runner.TestRunner@369f73a2]" name="setUpClass" is-config="true" duration-ms="185" started-at="2019-05-24T11:42:13Z" finished-at="2019-05-24T11:42:13Z">
          <reporter-output>
          </reporter-output>
        </test-method> <!-- setUpClass -->
        <test-method status="PASS" signature="feature(cucumber.api.testng.CucumberFeatureWrapper)[pri:0, instance:com.project.selenium.runner.TestRunner@369f73a2]" name="feature" duration-ms="50059" started-at="2019-05-24T11:42:13Z" description="Runs Cucumber Feature" data-provider="features" finished-at="2019-05-24T11:43:03Z">
          <params>
            <param index="0">
              <value>
                <![CDATA[Verify Contact US Page]]>
              </value>
            </param>
          </params>
          <reporter-output>
          </reporter-output>
        </test-method> <!-- feature -->
        <test-method status="PASS" signature="feature(cucumber.api.testng.CucumberFeatureWrapper)[pri:0, instance:com.project.selenium.runner.TestRunner@369f73a2]" name="feature" duration-ms="28716" started-at="2019-05-24T11:43:03Z" description="Runs Cucumber Feature" data-provider="features" finished-at="2019-05-24T11:43:32Z">
          <params>
            <param index="0">
              <value>
                <![CDATA[HomePage Validations]]>
              </value>
            </param>
          </params>
          <reporter-output>
          </reporter-output>
        </test-method> <!-- feature -->
        <test-method status="PASS" signature="tearDownClass()[pri:0, instance:com.project.selenium.runner.TestRunner@369f73a2]" name="tearDownClass" is-config="true" duration-ms="271" started-at="2019-05-24T11:43:32Z" finished-at="2019-05-24T11:43:32Z">
          <reporter-output>
          </reporter-output>
        </test-method> <!-- tearDownClass -->
        <test-method status="PASS" signature="CopyResult()[pri:0, instance:com.project.selenium.runner.TestRunner@369f73a2]" name="CopyResult" is-config="true" duration-ms="3" started-at="2019-05-24T11:43:32Z" finished-at="2019-05-24T11:43:32Z">
          <reporter-output>
          </reporter-output>
        </test-method> <!-- CopyResult -->
        <test-method status="PASS" signature="afterSuit()[pri:0, instance:com.project.selenium.runner.TestRunner@369f73a2]" name="afterSuit" is-config="true" duration-ms="0" started-at="2019-05-24T11:43:32Z" finished-at="2019-05-24T11:43:32Z">
          <reporter-output>
          </reporter-output>
        </test-method> <!-- afterSuit -->
      </class> <!-- com.project.selenium.runner.TestRunner -->
    </test> <!-- Test -->
  </suite> <!-- Suite -->
</testng-results>
